0 info it worked if it ends with ok
1 verbose cli [ 'node', '/usr/local/bin/npm', 'install', '-g', 'sass-watch' ]
2 info using npm@1.4.28
3 info using node@v0.10.5
4 verbose node symlink /usr/local/bin/node
5 verbose cache add [ 'sass-watch', null ]
6 verbose cache add name=undefined spec="sass-watch" args=["sass-watch",null]
7 verbose parsed url { protocol: null,
7 verbose parsed url   slashes: null,
7 verbose parsed url   auth: null,
7 verbose parsed url   host: null,
7 verbose parsed url   port: null,
7 verbose parsed url   hostname: null,
7 verbose parsed url   hash: null,
7 verbose parsed url   search: null,
7 verbose parsed url   query: null,
7 verbose parsed url   pathname: 'sass-watch',
7 verbose parsed url   path: 'sass-watch',
7 verbose parsed url   href: 'sass-watch' }
8 silly lockFile bea6268d-sass-watch sass-watch
9 verbose lock sass-watch /Users/jamesmadson/.npm/bea6268d-sass-watch.lock
10 silly lockFile bea6268d-sass-watch sass-watch
11 error Error: Attempt to unlock sass-watch, which hasn't been locked
11 error     at unlock (/usr/local/lib/node_modules/npm/lib/utils/locker.js:44:11)
11 error     at cb (/usr/local/lib/node_modules/npm/lib/cache/add-local.js:30:5)
11 error     at /usr/local/lib/node_modules/npm/lib/cache/add-local.js:47:20
11 error     at /usr/local/lib/node_modules/npm/lib/utils/locker.js:30:7
11 error     at cb (/usr/local/lib/node_modules/npm/node_modules/lockfile/lockfile.js:149:38)
11 error     at /usr/local/lib/node_modules/npm/node_modules/lockfile/lockfile.js:177:38
11 error     at Object.oncomplete (fs.js:107:15)
12 error If you need help, you may report this *entire* log,
12 error including the npm and node versions, at:
12 error     <http://github.com/npm/npm/issues>
13 error System Darwin 14.1.0
14 error command "node" "/usr/local/bin/npm" "install" "-g" "sass-watch"
15 error cwd /Users/jamesmadson/sandbox/onesongaday
16 error node -v v0.10.5
17 error npm -v 1.4.28
18 verbose exit [ 1, true ]
